[20-Dec-2019 15:14:30] NOTICE: fpm is running, pid 7003
[20-Dec-2019 15:14:30] NOTICE: ready to handle connections
[20-Dec-2019 16:55:57] NOTICE: Terminating ...
[20-Dec-2019 16:55:57] NOTICE: Terminating ...
[20-Dec-2019 16:55:57] NOTICE: exiting, bye-bye!
[06-Jan-2020 14:40:59] NOTICE: fpm is running, pid 20610
[06-Jan-2020 14:40:59] NOTICE: ready to handle connections
[06-Jan-2020 18:30:32] NOTICE: Terminating ...
[06-Jan-2020 18:30:32] NOTICE: Terminating ...
[06-Jan-2020 18:30:32] NOTICE: exiting, bye-bye!
[07-Jan-2020 14:36:19] NOTICE: fpm is running, pid 33169
[07-Jan-2020 14:36:19] NOTICE: ready to handle connections
[07-Jan-2020 16:04:01] NOTICE: Terminating ...
[07-Jan-2020 16:04:01] NOTICE: Terminating ...
[07-Jan-2020 16:04:01] NOTICE: exiting, bye-bye!
[08-Jan-2020 14:39:01] NOTICE: fpm is running, pid 42110
[08-Jan-2020 14:39:01] NOTICE: ready to handle connections
[08-Jan-2020 16:10:49] NOTICE: Terminating ...
[08-Jan-2020 16:10:49] NOTICE: Terminating ...
[08-Jan-2020 16:10:49] NOTICE: exiting, bye-bye!
[09-Jan-2020 13:52:46] NOTICE: fpm is running, pid 53475
[09-Jan-2020 13:52:46] NOTICE: ready to handle connections
[09-Jan-2020 14:23:34] WARNING: [pool www] child 53502 said into stderr: "libpng warning: iCCP: known incorrect sRGB profile"
[09-Jan-2020 15:33:55] NOTICE: Terminating ...
[09-Jan-2020 15:33:55] NOTICE: Terminating ...
[09-Jan-2020 15:33:55] NOTICE: exiting, bye-bye!
[10-Jan-2020 13:24:43] NOTICE: fpm is running, pid 67717
[10-Jan-2020 13:24:43] NOTICE: ready to handle connections
[10-Jan-2020 15:36:49] NOTICE: Terminating ...
[10-Jan-2020 15:36:49] NOTICE: Terminating ...
[10-Jan-2020 15:36:49] NOTICE: exiting, bye-bye!
[13-Jan-2020 15:00:28] NOTICE: fpm is running, pid 91925
[13-Jan-2020 15:00:28] NOTICE: ready to handle connections
[13-Jan-2020 16:08:07] NOTICE: Terminating ...
[13-Jan-2020 16:08:07] NOTICE: Terminating ...
[13-Jan-2020 16:08:07] NOTICE: exiting, bye-bye!
[15-Jan-2020 14:41:15] NOTICE: fpm is running, pid 18622
[15-Jan-2020 14:41:15] NOTICE: ready to handle connections
[15-Jan-2020 16:18:16] NOTICE: Terminating ...
[15-Jan-2020 16:18:16] NOTICE: Terminating ...
[15-Jan-2020 16:18:16] NOTICE: exiting, bye-bye!
[16-Jan-2020 14:47:42] NOTICE: fpm is running, pid 30297
[16-Jan-2020 14:47:42] NOTICE: ready to handle connections
[16-Jan-2020 15:55:02] WARNING: [pool www] child 30325 said into stderr: "libpng warning: iCCP: known incorrect sRGB profile"
[16-Jan-2020 16:12:59] NOTICE: Terminating ...
[16-Jan-2020 16:12:59] NOTICE: Terminating ...
[16-Jan-2020 16:12:59] NOTICE: exiting, bye-bye!
[17-Jan-2020 14:58:55] NOTICE: fpm is running, pid 9099
[17-Jan-2020 14:58:55] NOTICE: ready to handle connections
[17-Jan-2020 15:03:52] WARNING: [pool www] child 9127 said into stderr: "libpng warning: iCCP: known incorrect sRGB profile"
[17-Jan-2020 15:06:06] WARNING: [pool www] child 9127 said into stderr: "libpng warning: iCCP: known incorrect sRGB profile"
[17-Jan-2020 15:06:13] WARNING: [pool www] child 9126 said into stderr: "libpng warning: iCCP: known incorrect sRGB profile"
[17-Jan-2020 15:06:52] WARNING: [pool www] child 9127 said into stderr: "libpng warning: iCCP: known incorrect sRGB profile"
[17-Jan-2020 16:43:09] NOTICE: Terminating ...
[17-Jan-2020 16:43:09] NOTICE: Terminating ...
[17-Jan-2020 16:43:09] NOTICE: exiting, bye-bye!
[21-Jan-2020 14:22:16] NOTICE: fpm is running, pid 18076
[21-Jan-2020 14:22:16] NOTICE: ready to handle connections
[21-Jan-2020 15:05:39] NOTICE: Terminating ...
[21-Jan-2020 15:05:39] NOTICE: Terminating ...
[21-Jan-2020 15:05:39] NOTICE: exiting, bye-bye!
[23-Jan-2020 13:56:17] NOTICE: fpm is running, pid 39851
[23-Jan-2020 13:56:17] NOTICE: ready to handle connections
[23-Jan-2020 15:12:16] NOTICE: Terminating ...
[23-Jan-2020 15:12:16] NOTICE: Terminating ...
[23-Jan-2020 15:12:16] NOTICE: exiting, bye-bye!
[24-Jan-2020 13:54:56] NOTICE: fpm is running, pid 49312
[24-Jan-2020 13:54:56] NOTICE: ready to handle connections
[24-Jan-2020 15:48:28] NOTICE: Terminating ...
[24-Jan-2020 15:48:28] NOTICE: Terminating ...
[24-Jan-2020 15:48:28] NOTICE: exiting, bye-bye!
